  ProiectSMM.cpp
C:\Users\idu_s\Desktop\Proiect-SMM2\ProiectSMM\ProiectSMM\OBJ_Loader.h(652,25): warning C4018: '<': signed/unsigned mismatch
C:\Users\idu_s\Desktop\Proiect-SMM2\ProiectSMM\ProiectSMM\OBJ_Loader.h(689,22): warning C4018: '<': signed/unsigned mismatch
C:\Users\idu_s\Desktop\Proiect-SMM2\ProiectSMM\ProiectSMM\OBJ_Loader.h(695,23): warning C4018: '<': signed/unsigned mismatch
C:\Users\idu_s\Desktop\Proiect-SMM2\ProiectSMM\ProiectSMM\OBJ_Loader.h(949,18): warning C4244: 'initializing': conversion from 'double' to 'float', possible loss of data
C:\Users\idu_s\Desktop\Proiect-SMM2\ProiectSMM\ProiectSMM\ProiectSMM.cpp(253,21): warning C4244: '=': conversion from 'double' to 'T', possible loss of data
          with
          [
              T=float
          ]
C:\Users\idu_s\Desktop\Proiect-SMM2\ProiectSMM\ProiectSMM\ProiectSMM.cpp(254,21): warning C4244: '=': conversion from 'double' to 'T', possible loss of data
          with
          [
              T=float
          ]
C:\Users\idu_s\Desktop\Proiect-SMM2\ProiectSMM\ProiectSMM\ProiectSMM.cpp(962,21): warning C4018: '<': signed/unsigned mismatch
C:\Users\idu_s\Desktop\Proiect-SMM2\ProiectSMM\ProiectSMM\ProiectSMM.cpp(967,22): warning C4018: '<': signed/unsigned mismatch
C:\Users\idu_s\Desktop\Proiect-SMM2\ProiectSMM\ProiectSMM\ProiectSMM.cpp(979,22): warning C4018: '<': signed/unsigned mismatch
C:\Users\idu_s\Desktop\Proiect-SMM2\ProiectSMM\ProiectSMM\ProiectSMM.cpp(984,22): warning C4018: '<': signed/unsigned mismatch
C:\Users\idu_s\Desktop\Proiect-SMM2\ProiectSMM\ProiectSMM\ProiectSMM.cpp(990,22): warning C4018: '<': signed/unsigned mismatch
C:\Users\idu_s\Desktop\Proiect-SMM2\ProiectSMM\ProiectSMM\ProiectSMM.cpp(992,29): warning C4244: '=': conversion from '_Ty' to 'unsigned int', possible loss of data
          with
          [
              _Ty=float
          ]
C:\Users\idu_s\Desktop\Proiect-SMM2\ProiectSMM\ProiectSMM\ProiectSMM.cpp(1041,21): warning C4018: '<': signed/unsigned mismatch
C:\Users\idu_s\Desktop\Proiect-SMM2\ProiectSMM\ProiectSMM\ProiectSMM.cpp(1046,22): warning C4018: '<': signed/unsigned mismatch
C:\Users\idu_s\Desktop\Proiect-SMM2\ProiectSMM\ProiectSMM\ProiectSMM.cpp(1058,22): warning C4018: '<': signed/unsigned mismatch
C:\Users\idu_s\Desktop\Proiect-SMM2\ProiectSMM\ProiectSMM\ProiectSMM.cpp(1063,22): warning C4018: '<': signed/unsigned mismatch
C:\Users\idu_s\Desktop\Proiect-SMM2\ProiectSMM\ProiectSMM\ProiectSMM.cpp(1069,22): warning C4018: '<': signed/unsigned mismatch
C:\Users\idu_s\Desktop\Proiect-SMM2\ProiectSMM\ProiectSMM\ProiectSMM.cpp(1071,29): warning C4244: '=': conversion from '_Ty' to 'unsigned int', possible loss of data
          with
          [
              _Ty=float
          ]
C:\Users\idu_s\Desktop\Proiect-SMM2\ProiectSMM\ProiectSMM\ProiectSMM.cpp(1121,21): warning C4018: '<': signed/unsigned mismatch
C:\Users\idu_s\Desktop\Proiect-SMM2\ProiectSMM\ProiectSMM\ProiectSMM.cpp(1126,22): warning C4018: '<': signed/unsigned mismatch
C:\Users\idu_s\Desktop\Proiect-SMM2\ProiectSMM\ProiectSMM\ProiectSMM.cpp(1138,22): warning C4018: '<': signed/unsigned mismatch
C:\Users\idu_s\Desktop\Proiect-SMM2\ProiectSMM\ProiectSMM\ProiectSMM.cpp(1143,22): warning C4018: '<': signed/unsigned mismatch
C:\Users\idu_s\Desktop\Proiect-SMM2\ProiectSMM\ProiectSMM\ProiectSMM.cpp(1149,22): warning C4018: '<': signed/unsigned mismatch
C:\Users\idu_s\Desktop\Proiect-SMM2\ProiectSMM\ProiectSMM\ProiectSMM.cpp(1151,29): warning C4244: '=': conversion from '_Ty' to 'unsigned int', possible loss of data
          with
          [
              _Ty=float
          ]
C:\Users\idu_s\Desktop\Proiect-SMM2\ProiectSMM\ProiectSMM\ProiectSMM.cpp(1199,21): warning C4018: '<': signed/unsigned mismatch
C:\Users\idu_s\Desktop\Proiect-SMM2\ProiectSMM\ProiectSMM\ProiectSMM.cpp(1204,22): warning C4018: '<': signed/unsigned mismatch
C:\Users\idu_s\Desktop\Proiect-SMM2\ProiectSMM\ProiectSMM\ProiectSMM.cpp(1216,22): warning C4018: '<': signed/unsigned mismatch
C:\Users\idu_s\Desktop\Proiect-SMM2\ProiectSMM\ProiectSMM\ProiectSMM.cpp(1221,22): warning C4018: '<': signed/unsigned mismatch
C:\Users\idu_s\Desktop\Proiect-SMM2\ProiectSMM\ProiectSMM\ProiectSMM.cpp(1227,22): warning C4018: '<': signed/unsigned mismatch
C:\Users\idu_s\Desktop\Proiect-SMM2\ProiectSMM\ProiectSMM\ProiectSMM.cpp(1229,29): warning C4244: '=': conversion from '_Ty' to 'unsigned int', possible loss of data
          with
          [
              _Ty=float
          ]
C:\Users\idu_s\Desktop\Proiect-SMM2\ProiectSMM\ProiectSMM\ProiectSMM.cpp(1282,21): warning C4018: '<': signed/unsigned mismatch
C:\Users\idu_s\Desktop\Proiect-SMM2\ProiectSMM\ProiectSMM\ProiectSMM.cpp(1294,21): warning C4018: '<': signed/unsigned mismatch
C:\Users\idu_s\Desktop\Proiect-SMM2\ProiectSMM\ProiectSMM\ProiectSMM.cpp(1299,21): warning C4018: '<': signed/unsigned mismatch
C:\Users\idu_s\Desktop\Proiect-SMM2\ProiectSMM\ProiectSMM\ProiectSMM.cpp(1305,21): warning C4018: '<': signed/unsigned mismatch
C:\Users\idu_s\Desktop\Proiect-SMM2\ProiectSMM\ProiectSMM\ProiectSMM.cpp(1307,28): warning C4244: '=': conversion from '_Ty' to 'unsigned int', possible loss of data
          with
          [
              _Ty=float
          ]
C:\Users\idu_s\Desktop\Proiect-SMM2\ProiectSMM\ProiectSMM\ProiectSMM.cpp(1358,21): warning C4018: '<': signed/unsigned mismatch
C:\Users\idu_s\Desktop\Proiect-SMM2\ProiectSMM\ProiectSMM\ProiectSMM.cpp(1370,21): warning C4018: '<': signed/unsigned mismatch
C:\Users\idu_s\Desktop\Proiect-SMM2\ProiectSMM\ProiectSMM\ProiectSMM.cpp(1375,21): warning C4018: '<': signed/unsigned mismatch
C:\Users\idu_s\Desktop\Proiect-SMM2\ProiectSMM\ProiectSMM\ProiectSMM.cpp(1381,21): warning C4018: '<': signed/unsigned mismatch
C:\Users\idu_s\Desktop\Proiect-SMM2\ProiectSMM\ProiectSMM\ProiectSMM.cpp(1383,28): warning C4244: '=': conversion from '_Ty' to 'unsigned int', possible loss of data
          with
          [
              _Ty=float
          ]
C:\Users\idu_s\Desktop\Proiect-SMM2\ProiectSMM\ProiectSMM\ProiectSMM.cpp(1435,21): warning C4018: '<': signed/unsigned mismatch
C:\Users\idu_s\Desktop\Proiect-SMM2\ProiectSMM\ProiectSMM\ProiectSMM.cpp(1447,21): warning C4018: '<': signed/unsigned mismatch
C:\Users\idu_s\Desktop\Proiect-SMM2\ProiectSMM\ProiectSMM\ProiectSMM.cpp(1452,21): warning C4018: '<': signed/unsigned mismatch
C:\Users\idu_s\Desktop\Proiect-SMM2\ProiectSMM\ProiectSMM\ProiectSMM.cpp(1458,21): warning C4018: '<': signed/unsigned mismatch
C:\Users\idu_s\Desktop\Proiect-SMM2\ProiectSMM\ProiectSMM\ProiectSMM.cpp(1460,28): warning C4244: '=': conversion from '_Ty' to 'unsigned int', possible loss of data
          with
          [
              _Ty=float
          ]
C:\Users\idu_s\Desktop\Proiect-SMM2\ProiectSMM\ProiectSMM\ProiectSMM.cpp(1511,21): warning C4018: '<': signed/unsigned mismatch
C:\Users\idu_s\Desktop\Proiect-SMM2\ProiectSMM\ProiectSMM\ProiectSMM.cpp(1523,21): warning C4018: '<': signed/unsigned mismatch
C:\Users\idu_s\Desktop\Proiect-SMM2\ProiectSMM\ProiectSMM\ProiectSMM.cpp(1528,21): warning C4018: '<': signed/unsigned mismatch
C:\Users\idu_s\Desktop\Proiect-SMM2\ProiectSMM\ProiectSMM\ProiectSMM.cpp(1534,21): warning C4018: '<': signed/unsigned mismatch
C:\Users\idu_s\Desktop\Proiect-SMM2\ProiectSMM\ProiectSMM\ProiectSMM.cpp(1536,28): warning C4244: '=': conversion from '_Ty' to 'unsigned int', possible loss of data
          with
          [
              _Ty=float
          ]
C:\Users\idu_s\Desktop\Proiect-SMM2\ProiectSMM\ProiectSMM\ProiectSMM.cpp(1586,21): warning C4018: '<': signed/unsigned mismatch
C:\Users\idu_s\Desktop\Proiect-SMM2\ProiectSMM\ProiectSMM\ProiectSMM.cpp(1598,21): warning C4018: '<': signed/unsigned mismatch
C:\Users\idu_s\Desktop\Proiect-SMM2\ProiectSMM\ProiectSMM\ProiectSMM.cpp(1603,21): warning C4018: '<': signed/unsigned mismatch
C:\Users\idu_s\Desktop\Proiect-SMM2\ProiectSMM\ProiectSMM\ProiectSMM.cpp(1609,21): warning C4018: '<': signed/unsigned mismatch
C:\Users\idu_s\Desktop\Proiect-SMM2\ProiectSMM\ProiectSMM\ProiectSMM.cpp(1611,28): warning C4244: '=': conversion from '_Ty' to 'unsigned int', possible loss of data
          with
          [
              _Ty=float
          ]
C:\Users\idu_s\Desktop\Proiect-SMM2\ProiectSMM\ProiectSMM\ProiectSMM.cpp(1660,21): warning C4018: '<': signed/unsigned mismatch
C:\Users\idu_s\Desktop\Proiect-SMM2\ProiectSMM\ProiectSMM\ProiectSMM.cpp(1672,21): warning C4018: '<': signed/unsigned mismatch
C:\Users\idu_s\Desktop\Proiect-SMM2\ProiectSMM\ProiectSMM\ProiectSMM.cpp(1677,21): warning C4018: '<': signed/unsigned mismatch
C:\Users\idu_s\Desktop\Proiect-SMM2\ProiectSMM\ProiectSMM\ProiectSMM.cpp(1683,21): warning C4018: '<': signed/unsigned mismatch
C:\Users\idu_s\Desktop\Proiect-SMM2\ProiectSMM\ProiectSMM\ProiectSMM.cpp(1685,28): warning C4244: '=': conversion from '_Ty' to 'unsigned int', possible loss of data
          with
          [
              _Ty=float
          ]
C:\Users\idu_s\Desktop\Proiect-SMM2\ProiectSMM\ProiectSMM\ProiectSMM.cpp(1744,21): warning C4018: '<': signed/unsigned mismatch
C:\Users\idu_s\Desktop\Proiect-SMM2\ProiectSMM\ProiectSMM\ProiectSMM.cpp(1756,21): warning C4018: '<': signed/unsigned mismatch
C:\Users\idu_s\Desktop\Proiect-SMM2\ProiectSMM\ProiectSMM\ProiectSMM.cpp(1761,21): warning C4018: '<': signed/unsigned mismatch
C:\Users\idu_s\Desktop\Proiect-SMM2\ProiectSMM\ProiectSMM\ProiectSMM.cpp(1767,21): warning C4018: '<': signed/unsigned mismatch
C:\Users\idu_s\Desktop\Proiect-SMM2\ProiectSMM\ProiectSMM\ProiectSMM.cpp(1769,30): warning C4244: '=': conversion from '_Ty' to 'unsigned int', possible loss of data
          with
          [
              _Ty=float
          ]
C:\Users\idu_s\Desktop\Proiect-SMM2\ProiectSMM\ProiectSMM\ProiectSMM.cpp(1824,21): warning C4018: '<': signed/unsigned mismatch
C:\Users\idu_s\Desktop\Proiect-SMM2\ProiectSMM\ProiectSMM\ProiectSMM.cpp(1838,21): warning C4018: '<': signed/unsigned mismatch
C:\Users\idu_s\Desktop\Proiect-SMM2\ProiectSMM\ProiectSMM\ProiectSMM.cpp(1843,21): warning C4018: '<': signed/unsigned mismatch
C:\Users\idu_s\Desktop\Proiect-SMM2\ProiectSMM\ProiectSMM\ProiectSMM.cpp(1849,21): warning C4018: '<': signed/unsigned mismatch
C:\Users\idu_s\Desktop\Proiect-SMM2\ProiectSMM\ProiectSMM\ProiectSMM.cpp(1851,31): warning C4244: '=': conversion from '_Ty' to 'unsigned int', possible loss of data
          with
          [
              _Ty=float
          ]
C:\Users\idu_s\Desktop\Proiect-SMM2\ProiectSMM\ProiectSMM\ProiectSMM.cpp(1909,21): warning C4018: '<': signed/unsigned mismatch
C:\Users\idu_s\Desktop\Proiect-SMM2\ProiectSMM\ProiectSMM\ProiectSMM.cpp(1923,21): warning C4018: '<': signed/unsigned mismatch
C:\Users\idu_s\Desktop\Proiect-SMM2\ProiectSMM\ProiectSMM\ProiectSMM.cpp(1928,21): warning C4018: '<': signed/unsigned mismatch
C:\Users\idu_s\Desktop\Proiect-SMM2\ProiectSMM\ProiectSMM\ProiectSMM.cpp(1934,21): warning C4018: '<': signed/unsigned mismatch
C:\Users\idu_s\Desktop\Proiect-SMM2\ProiectSMM\ProiectSMM\ProiectSMM.cpp(1936,29): warning C4244: '=': conversion from '_Ty' to 'unsigned int', possible loss of data
          with
          [
              _Ty=float
          ]
C:\Users\idu_s\Desktop\Proiect-SMM2\ProiectSMM\ProiectSMM\ProiectSMM.cpp(1994,21): warning C4018: '<': signed/unsigned mismatch
C:\Users\idu_s\Desktop\Proiect-SMM2\ProiectSMM\ProiectSMM\ProiectSMM.cpp(2008,21): warning C4018: '<': signed/unsigned mismatch
C:\Users\idu_s\Desktop\Proiect-SMM2\ProiectSMM\ProiectSMM\ProiectSMM.cpp(2013,21): warning C4018: '<': signed/unsigned mismatch
C:\Users\idu_s\Desktop\Proiect-SMM2\ProiectSMM\ProiectSMM\ProiectSMM.cpp(2019,21): warning C4018: '<': signed/unsigned mismatch
C:\Users\idu_s\Desktop\Proiect-SMM2\ProiectSMM\ProiectSMM\ProiectSMM.cpp(2021,32): warning C4244: '=': conversion from '_Ty' to 'unsigned int', possible loss of data
          with
          [
              _Ty=float
          ]
C:\Users\idu_s\Desktop\Proiect-SMM2\ProiectSMM\ProiectSMM\ProiectSMM.cpp(2078,21): warning C4018: '<': signed/unsigned mismatch
C:\Users\idu_s\Desktop\Proiect-SMM2\ProiectSMM\ProiectSMM\ProiectSMM.cpp(2092,21): warning C4018: '<': signed/unsigned mismatch
C:\Users\idu_s\Desktop\Proiect-SMM2\ProiectSMM\ProiectSMM\ProiectSMM.cpp(2097,21): warning C4018: '<': signed/unsigned mismatch
C:\Users\idu_s\Desktop\Proiect-SMM2\ProiectSMM\ProiectSMM\ProiectSMM.cpp(2103,21): warning C4018: '<': signed/unsigned mismatch
C:\Users\idu_s\Desktop\Proiect-SMM2\ProiectSMM\ProiectSMM\ProiectSMM.cpp(2105,35): warning C4244: '=': conversion from '_Ty' to 'unsigned int', possible loss of data
          with
          [
              _Ty=float
          ]
C:\Users\idu_s\Desktop\Proiect-SMM2\ProiectSMM\ProiectSMM\ProiectSMM.cpp(2163,21): warning C4018: '<': signed/unsigned mismatch
C:\Users\idu_s\Desktop\Proiect-SMM2\ProiectSMM\ProiectSMM\ProiectSMM.cpp(2177,21): warning C4018: '<': signed/unsigned mismatch
C:\Users\idu_s\Desktop\Proiect-SMM2\ProiectSMM\ProiectSMM\ProiectSMM.cpp(2182,21): warning C4018: '<': signed/unsigned mismatch
C:\Users\idu_s\Desktop\Proiect-SMM2\ProiectSMM\ProiectSMM\ProiectSMM.cpp(2188,21): warning C4018: '<': signed/unsigned mismatch
C:\Users\idu_s\Desktop\Proiect-SMM2\ProiectSMM\ProiectSMM\ProiectSMM.cpp(2190,35): warning C4244: '=': conversion from '_Ty' to 'unsigned int', possible loss of data
          with
          [
              _Ty=float
          ]
C:\Users\idu_s\Desktop\Proiect-SMM2\ProiectSMM\ProiectSMM\ProiectSMM.cpp(2247,21): warning C4018: '<': signed/unsigned mismatch
C:\Users\idu_s\Desktop\Proiect-SMM2\ProiectSMM\ProiectSMM\ProiectSMM.cpp(2261,21): warning C4018: '<': signed/unsigned mismatch
C:\Users\idu_s\Desktop\Proiect-SMM2\ProiectSMM\ProiectSMM\ProiectSMM.cpp(2266,21): warning C4018: '<': signed/unsigned mismatch
C:\Users\idu_s\Desktop\Proiect-SMM2\ProiectSMM\ProiectSMM\ProiectSMM.cpp(2272,21): warning C4018: '<': signed/unsigned mismatch
C:\Users\idu_s\Desktop\Proiect-SMM2\ProiectSMM\ProiectSMM\ProiectSMM.cpp(2274,30): warning C4244: '=': conversion from '_Ty' to 'unsigned int', possible loss of data
          with
          [
              _Ty=float
          ]
C:\Users\idu_s\Desktop\Proiect-SMM2\ProiectSMM\ProiectSMM\ProiectSMM.cpp(2329,21): warning C4018: '<': signed/unsigned mismatch
C:\Users\idu_s\Desktop\Proiect-SMM2\ProiectSMM\ProiectSMM\ProiectSMM.cpp(2343,21): warning C4018: '<': signed/unsigned mismatch
C:\Users\idu_s\Desktop\Proiect-SMM2\ProiectSMM\ProiectSMM\ProiectSMM.cpp(2348,21): warning C4018: '<': signed/unsigned mismatch
C:\Users\idu_s\Desktop\Proiect-SMM2\ProiectSMM\ProiectSMM\ProiectSMM.cpp(2354,21): warning C4018: '<': signed/unsigned mismatch
C:\Users\idu_s\Desktop\Proiect-SMM2\ProiectSMM\ProiectSMM\ProiectSMM.cpp(2356,33): warning C4244: '=': conversion from '_Ty' to 'unsigned int', possible loss of data
          with
          [
              _Ty=float
          ]
C:\Users\idu_s\Desktop\Proiect-SMM2\ProiectSMM\ProiectSMM\ProiectSMM.cpp(2411,21): warning C4018: '<': signed/unsigned mismatch
C:\Users\idu_s\Desktop\Proiect-SMM2\ProiectSMM\ProiectSMM\ProiectSMM.cpp(2425,21): warning C4018: '<': signed/unsigned mismatch
C:\Users\idu_s\Desktop\Proiect-SMM2\ProiectSMM\ProiectSMM\ProiectSMM.cpp(2430,21): warning C4018: '<': signed/unsigned mismatch
C:\Users\idu_s\Desktop\Proiect-SMM2\ProiectSMM\ProiectSMM\ProiectSMM.cpp(2436,21): warning C4018: '<': signed/unsigned mismatch
C:\Users\idu_s\Desktop\Proiect-SMM2\ProiectSMM\ProiectSMM\ProiectSMM.cpp(2438,32): warning C4244: '=': conversion from '_Ty' to 'unsigned int', possible loss of data
          with
          [
              _Ty=float
          ]
C:\Users\idu_s\Desktop\Proiect-SMM2\ProiectSMM\ProiectSMM\ProiectSMM.cpp(2496,21): warning C4018: '<': signed/unsigned mismatch
C:\Users\idu_s\Desktop\Proiect-SMM2\ProiectSMM\ProiectSMM\ProiectSMM.cpp(2510,21): warning C4018: '<': signed/unsigned mismatch
C:\Users\idu_s\Desktop\Proiect-SMM2\ProiectSMM\ProiectSMM\ProiectSMM.cpp(2515,21): warning C4018: '<': signed/unsigned mismatch
C:\Users\idu_s\Desktop\Proiect-SMM2\ProiectSMM\ProiectSMM\ProiectSMM.cpp(2521,21): warning C4018: '<': signed/unsigned mismatch
C:\Users\idu_s\Desktop\Proiect-SMM2\ProiectSMM\ProiectSMM\ProiectSMM.cpp(2523,29): warning C4244: '=': conversion from '_Ty' to 'unsigned int', possible loss of data
          with
          [
              _Ty=float
          ]
C:\Users\idu_s\Desktop\Proiect-SMM2\ProiectSMM\ProiectSMM\ProiectSMM.cpp(2588,21): warning C4018: '<': signed/unsigned mismatch
C:\Users\idu_s\Desktop\Proiect-SMM2\ProiectSMM\ProiectSMM\ProiectSMM.cpp(2602,21): warning C4018: '<': signed/unsigned mismatch
C:\Users\idu_s\Desktop\Proiect-SMM2\ProiectSMM\ProiectSMM\ProiectSMM.cpp(2607,21): warning C4018: '<': signed/unsigned mismatch
C:\Users\idu_s\Desktop\Proiect-SMM2\ProiectSMM\ProiectSMM\ProiectSMM.cpp(2613,21): warning C4018: '<': signed/unsigned mismatch
C:\Users\idu_s\Desktop\Proiect-SMM2\ProiectSMM\ProiectSMM\ProiectSMM.cpp(2615,30): warning C4244: '=': conversion from '_Ty' to 'unsigned int', possible loss of data
          with
          [
              _Ty=float
          ]
  ProiectSMM.vcxproj -> C:\Users\idu_s\Desktop\Proiect-SMM2\ProiectSMM\Debug\ProiectSMM.exe
